<?xml version="1.0" encoding="UTF-8" ?>
<testsuite tests="5" failures="0" name="com.idata.mq.conection.test.Connection2MdmMessageSendServiceTest" time="21.482" errors="0" skipped="0">
  <properties>
    <property name="java.runtime.name" value="Java(TM) SE Runtime Environment"/>
    <property name="sun.boot.library.path" value="D:\ProgramFiles\Java\jdk1.8.0_111\jre\bin"/>
    <property name="java.vm.version" value="25.111-b14"/>
    <property name="java.vm.vendor" value="Oracle Corporation"/>
    <property name="maven.multiModuleProjectDirectory" value="C:\Users\wanghang\git\idt-mdm-mq\mq-parent"/>
    <property name="java.vendor.url" value="http://java.oracle.com/"/>
    <property name="path.separator" value=";"/>
    <property name="guice.disable.misplaced.annotation.check" value="true"/>
    <property name="java.vm.name" value="Java HotSpot(TM) 64-Bit Server VM"/>
    <property name="file.encoding.pkg" value="sun.io"/>
    <property name="user.script" value=""/>
    <property name="user.country" value="CN"/>
    <property name="sun.java.launcher" value="SUN_STANDARD"/>
    <property name="sun.os.patch.level" value="Service Pack 1"/>
    <property name="java.vm.specification.name" value="Java Virtual Machine Specification"/>
    <property name="user.dir" value="C:\Users\wanghang\git\idt-mdm-mq\mq-parent"/>
    <property name="java.runtime.version" value="1.8.0_111-b14"/>
    <property name="java.awt.graphicsenv" value="sun.awt.Win32GraphicsEnvironment"/>
    <property name="java.endorsed.dirs" value="D:\ProgramFiles\Java\jdk1.8.0_111\jre\lib\endorsed"/>
    <property name="os.arch" value="amd64"/>
    <property name="java.io.tmpdir" value="C:\Users\wanghang\AppData\Local\Temp\"/>
    <property name="line.separator" value="
"/>
    <property name="java.vm.specification.vendor" value="Oracle Corporation"/>
    <property name="user.variant" value=""/>
    <property name="os.name" value="Windows 7"/>
    <property name="classworlds.conf" value="D:\ProgramFiles\apache-maven-3.5.0\bin\..\bin\m2.conf"/>
    <property name="sun.jnu.encoding" value="GBK"/>
    <property name="java.library.path" value="D:\ProgramFiles\Java\jdk1.8.0_111\bin;C:\Windows\Sun\Java\bin;C:\Windows\system32;C:\Windows;C:\ProgramData\Oracle\Java\javapath;C:\Windows\system32;C:\Windows;C:\Windows\System32\Wbem;C:\Windows\System32\WindowsPowerShell\v1.0\;D:\ProgramFiles\Java\jdk1.8.0_111\bin;D:\ProgramFiles\tomcat\apache-tomcat-7.0.72\bin;C:\Program Files\MySQL\MySQL Utilities 1.6\;C:\Program Files\TortoiseSVN\bin;d:\ProgramFiles\Git\cmd;C:\Program Files (x86)\Rational\common;C:\Program Files\IDM Computer Solutions\UltraEdit;D:\ProgramFiles\android-sdk\platform-tools;C:\Program Files\nodejs\;D:\ProgramFiles\apache-maven-3.5.0\bin;C:\Program Files (x86)\Microsoft SQL Server\100\Tools\Binn\;C:\Program Files\Microsoft SQL Server\100\Tools\Binn\;C:\Program Files\Microsoft SQL Server\100\DTS\Binn\;C:\Program Files (x86)\Windows Kits\8.1\Windows Performance Toolkit\;C:\Program Files\Microsoft SQL Server\110\Tools\Binn\;C:\Program Files (x86)\Microsoft SDKs\TypeScript\1.0\;C:\Program Files\Microsoft SQL Server\120\Tools\Binn\;D:\ProgramFiles\spring-boot\spring-1.5.6.RELEASE\bin\;C:\Users\wanghang\AppData\Roaming\npm;."/>
    <property name="maven.conf" value="D:\ProgramFiles\apache-maven-3.5.0\bin\../conf"/>
    <property name="java.specification.name" value="Java Platform API Specification"/>
    <property name="java.class.version" value="52.0"/>
    <property name="sun.management.compiler" value="HotSpot 64-Bit Tiered Compilers"/>
    <property name="os.version" value="6.1"/>
    <property name="library.jansi.path" value="D:\ProgramFiles\apache-maven-3.5.0\bin\..\lib\jansi-native\windows64"/>
    <property name="user.home" value="C:\Users\wanghang"/>
    <property name="user.timezone" value="Asia/Shanghai"/>
    <property name="java.awt.printerjob" value="sun.awt.windows.WPrinterJob"/>
    <property name="java.specification.version" value="1.8"/>
    <property name="file.encoding" value="GBK"/>
    <property name="user.name" value="wanghang"/>
    <property name="java.class.path" value="D:\ProgramFiles\apache-maven-3.5.0\bin\..\boot\plexus-classworlds-2.5.2.jar"/>
    <property name="java.vm.specification.version" value="1.8"/>
    <property name="sun.arch.data.model" value="64"/>
    <property name="java.home" value="D:\ProgramFiles\Java\jdk1.8.0_111\jre"/>
    <property name="sun.java.command" value="org.codehaus.plexus.classworlds.launcher.Launcher clean package -pl ..\mq-connection-test -am"/>
    <property name="java.specification.vendor" value="Oracle Corporation"/>
    <property name="user.language" value="zh"/>
    <property name="awt.toolkit" value="sun.awt.windows.WToolkit"/>
    <property name="java.vm.info" value="mixed mode"/>
    <property name="java.version" value="1.8.0_111"/>
    <property name="java.ext.dirs" value="D:\ProgramFiles\Java\jdk1.8.0_111\jre\lib\ext;C:\Windows\Sun\Java\lib\ext"/>
    <property name="sun.boot.class.path" value="D:\ProgramFiles\Java\jdk1.8.0_111\jre\lib\resources.jar;D:\ProgramFiles\Java\jdk1.8.0_111\jre\lib\rt.jar;D:\ProgramFiles\Java\jdk1.8.0_111\jre\lib\sunrsasign.jar;D:\ProgramFiles\Java\jdk1.8.0_111\jre\lib\jsse.jar;D:\ProgramFiles\Java\jdk1.8.0_111\jre\lib\jce.jar;D:\ProgramFiles\Java\jdk1.8.0_111\jre\lib\charsets.jar;D:\ProgramFiles\Java\jdk1.8.0_111\jre\lib\jfr.jar;D:\ProgramFiles\Java\jdk1.8.0_111\jre\classes"/>
    <property name="sun.stderr.encoding" value="ms936"/>
    <property name="java.vendor" value="Oracle Corporation"/>
    <property name="maven.home" value="D:\ProgramFiles\apache-maven-3.5.0\bin\.."/>
    <property name="file.separator" value="\"/>
    <property name="java.vendor.url.bug" value="http://bugreport.sun.com/bugreport/"/>
    <property name="sun.cpu.endian" value="little"/>
    <property name="sun.io.unicode.encoding" value="UnicodeLittle"/>
    <property name="sun.stdout.encoding" value="ms936"/>
    <property name="sun.desktop" value="windows"/>
    <property name="sun.cpu.isalist" value="amd64"/>
  </properties>
  <testcase classname="com.idata.mq.conection.test.Connection2MdmMessageSendServiceTest" name="testSendAliveMessage" time="3.606"/>
  <testcase classname="com.idata.mq.conection.test.Connection2MdmMessageSendServiceTest" name="testSendDeviceMessageResultMessage" time="4.956"/>
  <testcase classname="com.idata.mq.conection.test.Connection2MdmMessageSendServiceTest" name="testSendDeviceOnlineMessage" time="4.969"/>
  <testcase classname="com.idata.mq.conection.test.Connection2MdmMessageSendServiceTest" name="testSendDeviceOfflineMessage" time="4.976"/>
  <testcase classname="com.idata.mq.conection.test.Connection2MdmMessageSendServiceTest" name="testSendFailMessage" time="2.975"/>
</testsuite>